<?xml version="1.0" encoding="UTF-8"?>
<!-- Generated by org.testng.reporters.JUnitReportReporter -->
<testsuite hostname="DESKTOP-A49CF4I" failures="0" tests="5" name="com.crm.qa.testcases.HomePageTest" time="47.699" errors="0" timestamp="26 Jan 2020 19:53:17 GMT">
  <testcase classname="com.crm.qa.testcases.HomePageTest" name="verifUserNameDisplayTest" time="10.145"/>
  <testcase classname="com.crm.qa.testcases.HomePageTest" name="verifUserNameTest" time="9.800"/>
  <testcase classname="com.crm.qa.testcases.HomePageTest" name="verifyDealsLinkTest" time="9.832"/>
  <testcase classname="com.crm.qa.testcases.HomePageTest" name="verifyhomepagetitleTest" time="8.173"/>
  <testcase classname="com.crm.qa.testcases.HomePageTest" name="verifyContactsLinkTest" time="9.749"/>
</testsuite> <!-- com.crm.qa.testcases.HomePageTest -->
