<?xml version="1.0" encoding="UTF-8"?>
<!-- Generated by org.testng.reporters.JUnitReportReporter -->
<testsuite hostname="DESKTOP-A49CF4I" failures="0" tests="2" name="com.crm.qa.testcases.LoginPageTest" time="15.896" errors="0" timestamp="5 Feb 2020 02:47:51 GMT">
  <testcase classname="com.crm.qa.testcases.LoginPageTest" name="validateloginpagetitileTest" time="7.915"/>
  <testcase classname="com.crm.qa.testcases.LoginPageTest" name="loginTest" time="7.981"/>
</testsuite> <!-- com.crm.qa.testcases.LoginPageTest -->
