<?xml version="1.0" encoding="UTF-8"?>
<!-- Generated by org.testng.reporters.JUnitReportReporter -->
<testsuite hostname="DESKTOP-A49CF4I" failures="0" tests="1" name="RestDemo.SimpleGetTest" time="3.095" errors="0" timestamp="2020-01-12T21:51:32 EST" skipped="0">
  <testcase classname="RestDemo.SimpleGetTest" name="GetWeatherDetails" time="3.095"/>
</testsuite> <!-- RestDemo.SimpleGetTest -->
