<?xml version="1.0" encoding="UTF-8"?>
<!-- Generated by org.testng.reporters.JUnitReportReporter -->
<testsuite hostname="DESKTOP-A49CF4I" failures="0" tests="4" name="firsttestngpackage.MultipleTestWithPriority" time="0.020" errors="0" timestamp="2020-01-21T11:46:51 EST" skipped="0">
  <testcase classname="firsttestngpackage.MultipleTestWithPriority" name="d" time="0.008"/>
  <testcase classname="firsttestngpackage.MultipleTestWithPriority" name="b" time="0.004"/>
  <testcase classname="firsttestngpackage.MultipleTestWithPriority" name="c" time="0.008"/>
  <testcase classname="firsttestngpackage.MultipleTestWithPriority" name="a" time="0.000"/>
</testsuite> <!-- firsttestngpackage.MultipleTestWithPriority -->
