<?xml version="1.0" encoding="UTF-8"?>
<!-- Generated by org.testng.reporters.JUnitReportReporter -->
<testsuite hostname="DESKTOP-A49CF4I" failures="0" tests="1" name="RestDemo.AuthBasic" time="3.565" errors="0" timestamp="2020-01-13T15:17:32 EST" skipped="0">
  <testcase classname="RestDemo.AuthBasic" name="authbasic" time="3.565"/>
</testsuite> <!-- RestDemo.AuthBasic -->
