<?xml version="1.0" encoding="UTF-8"?>
<!-- Generated by org.testng.reporters.JUnitReportReporter -->
<testsuite hostname="DESKTOP-A49CF4I" failures="0" tests="4" name="firsttestngpackage.MultipleTest" time="0.010" errors="0" timestamp="2020-01-11T21:11:57 EST" skipped="0">
  <testcase classname="firsttestngpackage.MultipleTest" name="a" time="0.004"/>
  <testcase classname="firsttestngpackage.MultipleTest" name="d" time="0.002"/>
  <testcase classname="firsttestngpackage.MultipleTest" name="c" time="0.002"/>
  <testcase classname="firsttestngpackage.MultipleTest" name="b" time="0.002"/>
</testsuite> <!-- firsttestngpackage.MultipleTest -->
