<?xml version="1.0" encoding="UTF-8"?>
<!-- Generated by org.testng.reporters.JUnitReportReporter -->
<testsuite hostname="DESKTOP-A49CF4I" failures="0" tests="1" name="RestDemo.Errorcode" time="2.037" errors="0" timestamp="2020-01-12T22:04:33 EST" skipped="0">
  <testcase classname="RestDemo.Errorcode" name="GetWeatherDetailsInvalidCity" time="2.037"/>
</testsuite> <!-- RestDemo.Errorcode -->
