<?xml version="1.0" encoding="UTF-8"?>
<!-- Generated by org.testng.reporters.JUnitReportReporter -->
<testsuite hostname="DESKTOP-A49CF4I" failures="0" tests="3" name="firsttestngpackage.TestGuru99MultipleSession" time="19.981" errors="0" timestamp="2020-01-11T23:52:59 EST" skipped="0">
  <testcase classname="firsttestngpackage.TestGuru99MultipleSession" name="executSessionOne" time="8.798"/>
  <testcase classname="firsttestngpackage.TestGuru99MultipleSession" name="executSessionThree" time="5.033"/>
  <testcase classname="firsttestngpackage.TestGuru99MultipleSession" name="executeSessionTwo" time="6.150"/>
</testsuite> <!-- firsttestngpackage.TestGuru99MultipleSession -->
