<?xml version="1.0" encoding="UTF-8"?>
<!-- Generated by org.testng.reporters.JUnitReportReporter -->
<testsuite hostname="DESKTOP-A49CF4I" failures="0" tests="3" name="firsttestngpackage.ParaDemo_1" time="0.142" errors="0" timestamp="2020-01-12T00:55:46 EST" skipped="0">
  <testcase classname="firsttestngpackage.ParaDemo_1" name="parademo_1" time="0.046"/>
  <testcase classname="firsttestngpackage.ParaDemo_1" name="parademo_1" time="0.048"/>
  <testcase classname="firsttestngpackage.ParaDemo_1" name="parademo_1" time="0.048"/>
</testsuite> <!-- firsttestngpackage.ParaDemo_1 -->
