<?xml version="1.0" encoding="UTF-8"?>
<!-- Generated by org.testng.reporters.JUnitReportReporter -->
<testsuite hostname="DESKTOP-A49CF4I" failures="0" tests="1" name="firsttestngpackage.Display_child" time="0.020" errors="0" timestamp="2020-01-20T20:31:51 EST" skipped="0">
  <testcase classname="firsttestngpackage.Display_child" name="t_display" time="0.020"/>
</testsuite> <!-- firsttestngpackage.Display_child -->
