<?xml version="1.0" encoding="UTF-8"?>
<!-- Generated by org.testng.reporters.JUnitReportReporter -->
<testsuite hostname="DESKTOP-A49CF4I" failures="0" tests="1" name="firsttestngpackage.FirstTestNGFile" time="21.298" errors="0" timestamp="2020-01-11T21:11:57 EST" skipped="0">
  <testcase classname="firsttestngpackage.FirstTestNGFile" name="verifyHomepageTitle" time="21.298"/>
</testsuite> <!-- firsttestngpackage.FirstTestNGFile -->
